18-Jan-2025 03:02:18.259 INFO [main] org.apache.catalina.startup.VersionLoggerListener.log Server version name:   Apache Tomcat/9.0.91
18-Jan-2025 03:02:18.261 INFO [main] org.apache.catalina.startup.VersionLoggerListener.log Server built:          Jul 2 2024 12:35:51 UTC
18-Jan-2025 03:02:18.263 INFO [main] org.apache.catalina.startup.VersionLoggerListener.log Server version number: 9.0.91.0
18-Jan-2025 03:02:18.263 INFO [main] org.apache.catalina.startup.VersionLoggerListener.log OS Name:               Windows 10
18-Jan-2025 03:02:18.263 INFO [main] org.apache.catalina.startup.VersionLoggerListener.log OS Version:            10.0
18-Jan-2025 03:02:18.263 INFO [main] org.apache.catalina.startup.VersionLoggerListener.log Architecture:          amd64
18-Jan-2025 03:02:18.263 INFO [main] org.apache.catalina.startup.VersionLoggerListener.log Java Home:             C:\Program Files\Java\jdk1.8.0_201\jre
18-Jan-2025 03:02:18.263 INFO [main] org.apache.catalina.startup.VersionLoggerListener.log JVM Version:           1.8.0_201-b09
18-Jan-2025 03:02:18.263 INFO [main] org.apache.catalina.startup.VersionLoggerListener.log JVM Vendor:            Oracle Corporation
18-Jan-2025 03:02:18.263 INFO [main] org.apache.catalina.startup.VersionLoggerListener.log CATALINA_BASE:         F:\Learning\REPOs\Amazon\AmazonProject
18-Jan-2025 03:02:18.263 INFO [main] org.apache.catalina.startup.VersionLoggerListener.log CATALINA_HOME:         C:\Program Files\Apache Software Foundation\Tomcat 9.0
18-Jan-2025 03:02:18.268 INFO [main] org.apache.catalina.startup.VersionLoggerListener.log Command line argument: -Dcatalina.home=C:\Program Files\Apache Software Foundation\Tomcat 9.0
18-Jan-2025 03:02:18.268 INFO [main] org.apache.catalina.startup.VersionLoggerListener.log Command line argument: -Dcatalina.base=F:\Learning\REPOs\Amazon\AmazonProject
18-Jan-2025 03:02:18.268 INFO [main] org.apache.catalina.startup.VersionLoggerListener.log Command line argument: -Djava.io.tmpdir=F:\Learning\REPOs\Amazon\AmazonProject\temp
18-Jan-2025 03:02:18.268 INFO [main] org.apache.catalina.startup.VersionLoggerListener.log Command line argument: -Djava.util.logging.config.file=F:\Learning\REPOs\Amazon\AmazonProject\conf\logging.properties
18-Jan-2025 03:02:18.268 INFO [main] org.apache.catalina.startup.VersionLoggerListener.log Command line argument: -Djava.util.logging.manager=org.apache.juli.ClassLoaderLogManager
18-Jan-2025 03:02:18.268 INFO [main] org.apache.catalina.startup.VersionLoggerListener.log Command line argument: -javaagent:C:\Program Files\IntelliJ IDEA 2023.3.3\lib\idea_rt.jar=62991:C:\Program Files\IntelliJ IDEA 2023.3.3\bin
18-Jan-2025 03:02:18.268 INFO [main] org.apache.catalina.startup.VersionLoggerListener.log Command line argument: -Dfile.encoding=UTF-8
18-Jan-2025 03:02:18.276 INFO [main] org.apache.catalina.core.AprLifecycleListener.lifecycleEvent Loaded Apache Tomcat Native library [1.3.0] using APR version [1.7.4].
18-Jan-2025 03:02:18.276 INFO [main] org.apache.catalina.core.AprLifecycleListener.lifecycleEvent APR capabilities: IPv6 [true], sendfile [true], accept filters [false], random [true], UDS [true].
18-Jan-2025 03:02:18.277 INFO [main] org.apache.catalina.core.AprLifecycleListener.lifecycleEvent APR/OpenSSL configuration: useAprConnector [false], useOpenSSL [true]
18-Jan-2025 03:02:18.298 INFO [main] org.apache.catalina.core.AprLifecycleListener.initializeSSL OpenSSL successfully initialized [OpenSSL 3.0.13 30 Jan 2024]
18-Jan-2025 03:02:18.637 INFO [main] org.apache.coyote.AbstractProtocol.init Initializing ProtocolHandler ["http-nio-8080"]
18-Jan-2025 03:02:18.677 INFO [main] org.apache.catalina.startup.Catalina.load Server initialization in [725] milliseconds
18-Jan-2025 03:02:18.717 INFO [main] org.apache.catalina.core.StandardService.startInternal Starting service [Catalina]
18-Jan-2025 03:02:18.717 INFO [main] org.apache.catalina.core.StandardEngine.startInternal Starting Servlet engine: [Apache Tomcat/9.0.91]
18-Jan-2025 03:02:18.733 INFO [main] org.apache.catalina.startup.HostConfig.deployDescriptor Deploying deployment descriptor [F:\Learning\REPOs\Amazon\AmazonProject\conf\Catalina\localhost\ROOT.xml]
18-Jan-2025 03:02:21.365 INFO [main] org.apache.jasper.servlet.TldScanner.scanJars At least one JAR was scanned for TLDs yet contained no TLDs. Enable debug logging for this logger for a complete list of JARs that were scanned but no TLDs were found in them. Skipping unneeded JARs during scanning can improve startup time and JSP compilation time.
18-Jan-2025 03:02:21.783 WARNING [main] org.apache.catalina.util.SessionIdGeneratorBase.createSecureRandom Creation of SecureRandom instance for session ID generation using [SHA1PRNG] took [387] milliseconds.
18-Jan-2025 03:02:22.000 INFO [main] org.springframework.web.servlet.FrameworkServlet.initServletBean Initializing Servlet 'dispatcher'
18-Jan-2025 03:02:23.003 INFO [main] com.mchange.v2.log.MLog.<clinit> MLog clients using java 1.4+ standard logging.
18-Jan-2025 03:02:23.102 INFO [main] com.mchange.v2.c3p0.C3P0Registry.banner Initializing c3p0-0.9.2.1 [built 20-March-2013 10:47:27 +0000; debug? true; trace: 10]
18-Jan-2025 03:02:23.493 INFO [main] org.hibernate.Version.logVersion HHH000412: Hibernate Core {5.2.2.Final}
18-Jan-2025 03:02:23.495 INFO [main] org.hibernate.cfg.Environment.<clinit> HHH000206: hibernate.properties not found
18-Jan-2025 03:02:23.498 INFO [main] org.hibernate.cfg.Environment.buildBytecodeProvider HHH000021: Bytecode provider name : javassist
18-Jan-2025 03:02:23.605 INFO [main] org.hibernate.annotations.common.reflection.java.JavaReflectionManager.<clinit> HCANN000001: Hibernate Commons Annotations {5.0.1.Final}
18-Jan-2025 03:02:23.876 INFO [main] com.mchange.v2.c3p0.impl.AbstractPoolBackedDataSource.getPoolManager Initializing c3p0 pool... com.mchange.v2.c3p0.ComboPooledDataSource [ acquireIncrement -> 3, acquireRetryAttempts -> 30, acquireRetryDelay -> 1000, autoCommitOnClose -> false, automaticTestTable -> null, breakAfterAcquireFailure -> false, checkoutTimeout -> 0, connectionCustomizerClassName -> null, connectionTesterClassName -> com.mchange.v2.c3p0.impl.DefaultConnectionTester, dataSourceName -> 1bqomwyb8wzze5qc62mh7|7bdf94f2, debugUnreturnedConnectionStackTraces -> false, description -> null, driverClass -> com.mysql.cj.jdbc.Driver, factoryClassLocation -> null, forceIgnoreUnresolvedTransactions -> false, identityToken -> 1bqomwyb8wzze5qc62mh7|7bdf94f2, idleConnectionTestPeriod -> 0, initialPoolSize -> 3, jdbcUrl -> jdbc:mysql://localhost:3307/productDB?useSSL=false&serverTimezone=UTC, maxAdministrativeTaskTime -> 0, maxConnectionAge -> 0, maxIdleTime -> 30000, maxIdleTimeExcessConnections -> 0, maxPoolSize -> 20, maxStatements -> 0, maxStatementsPerConnection -> 0, minPoolSize -> 5, numHelperThreads -> 3, preferredTestQuery -> null, properties -> {user=******, password=******}, propertyCycle -> 0, statementCacheNumDeferredCloseThreads -> 0, testConnectionOnCheckin -> false, testConnectionOnCheckout -> false, unreturnedConnectionTimeout -> 0, userOverrides -> {}, usesTraditionalReflectiveProxies -> false ]
18-Jan-2025 03:02:54.971 WARNING [C3P0PooledConnectionPoolManager[identityToken->1bqomwyb8wzze5qc62mh7|7bdf94f2]-HelperThread-#1] com.mchange.v2.resourcepool.BasicResourcePool$ScatteredAcquireTask.run com.mchange.v2.resourcepool.BasicResourcePool$ScatteredAcquireTask@74c14487 -- Acquisition Attempt Failed!!! Clearing pending acquires. While trying to acquire a needed new resource, we failed to succeed more than the maximum number of allowed acquisition attempts (30). Last acquisition attempt exception: 
	java.sql.SQLSyntaxErrorException: Unknown database 'productDB'
		at com.mysql.cj.jdbc.exceptions.SQLError.createSQLException(SQLError.java:121)
		at com.mysql.cj.jdbc.exceptions.SQLExceptionsMapping.translateException(SQLExceptionsMapping.java:122)
		at com.mysql.cj.jdbc.ConnectionImpl.createNewIO(ConnectionImpl.java:825)
		at com.mysql.cj.jdbc.ConnectionImpl.<init>(ConnectionImpl.java:446)
		at com.mysql.cj.jdbc.ConnectionImpl.getInstance(ConnectionImpl.java:239)
		at com.mysql.cj.jdbc.NonRegisteringDriver.connect(NonRegisteringDriver.java:188)
		at com.mchange.v2.c3p0.DriverManagerDataSource.getConnection(DriverManagerDataSource.java:146)
		at com.mchange.v2.c3p0.WrapperConnectionPoolDataSource.getPooledConnection(WrapperConnectionPoolDataSource.java:195)
		at com.mchange.v2.c3p0.WrapperConnectionPoolDataSource.getPooledConnection(WrapperConnectionPoolDataSource.java:184)
		at com.mchange.v2.c3p0.impl.C3P0PooledConnectionPool$1PooledConnectionResourcePoolManager.acquireResource(C3P0PooledConnectionPool.java:200)
		at com.mchange.v2.resourcepool.BasicResourcePool.doAcquire(BasicResourcePool.java:1086)
		at com.mchange.v2.resourcepool.BasicResourcePool.doAcquireAndDecrementPendingAcquiresWithinLockOnSuccess(BasicResourcePool.java:1073)
		at com.mchange.v2.resourcepool.BasicResourcePool.access$800(BasicResourcePool.java:44)
		at com.mchange.v2.resourcepool.BasicResourcePool$ScatteredAcquireTask.run(BasicResourcePool.java:1810)
		at com.mchange.v2.async.ThreadPoolAsynchronousRunner$PoolThread.run(ThreadPoolAsynchronousRunner.java:648)
18-Jan-2025 03:02:54.971 WARNING [C3P0PooledConnectionPoolManager[identityToken->1bqomwyb8wzze5qc62mh7|7bdf94f2]-HelperThread-#0] com.mchange.v2.resourcepool.BasicResourcePool$ScatteredAcquireTask.run com.mchange.v2.resourcepool.BasicResourcePool$ScatteredAcquireTask@6f006fa0 -- Acquisition Attempt Failed!!! Clearing pending acquires. While trying to acquire a needed new resource, we failed to succeed more than the maximum number of allowed acquisition attempts (30). Last acquisition attempt exception: 
	java.sql.SQLSyntaxErrorException: Unknown database 'productDB'
		at com.mysql.cj.jdbc.exceptions.SQLError.createSQLException(SQLError.java:121)
		at com.mysql.cj.jdbc.exceptions.SQLExceptionsMapping.translateException(SQLExceptionsMapping.java:122)
		at com.mysql.cj.jdbc.ConnectionImpl.createNewIO(ConnectionImpl.java:825)
		at com.mysql.cj.jdbc.ConnectionImpl.<init>(ConnectionImpl.java:446)
		at com.mysql.cj.jdbc.ConnectionImpl.getInstance(ConnectionImpl.java:239)
		at com.mysql.cj.jdbc.NonRegisteringDriver.connect(NonRegisteringDriver.java:188)
		at com.mchange.v2.c3p0.DriverManagerDataSource.getConnection(DriverManagerDataSource.java:146)
		at com.mchange.v2.c3p0.WrapperConnectionPoolDataSource.getPooledConnection(WrapperConnectionPoolDataSource.java:195)
		at com.mchange.v2.c3p0.WrapperConnectionPoolDataSource.getPooledConnection(WrapperConnectionPoolDataSource.java:184)
		at com.mchange.v2.c3p0.impl.C3P0PooledConnectionPool$1PooledConnectionResourcePoolManager.acquireResource(C3P0PooledConnectionPool.java:200)
		at com.mchange.v2.resourcepool.BasicResourcePool.doAcquire(BasicResourcePool.java:1086)
		at com.mchange.v2.resourcepool.BasicResourcePool.doAcquireAndDecrementPendingAcquiresWithinLockOnSuccess(BasicResourcePool.java:1073)
		at com.mchange.v2.resourcepool.BasicResourcePool.access$800(BasicResourcePool.java:44)
		at com.mchange.v2.resourcepool.BasicResourcePool$ScatteredAcquireTask.run(BasicResourcePool.java:1810)
		at com.mchange.v2.async.ThreadPoolAsynchronousRunner$PoolThread.run(ThreadPoolAsynchronousRunner.java:648)
18-Jan-2025 03:02:54.971 WARNING [C3P0PooledConnectionPoolManager[identityToken->1bqomwyb8wzze5qc62mh7|7bdf94f2]-HelperThread-#2] com.mchange.v2.resourcepool.BasicResourcePool$ScatteredAcquireTask.run com.mchange.v2.resourcepool.BasicResourcePool$ScatteredAcquireTask@1b5e7ae4 -- Acquisition Attempt Failed!!! Clearing pending acquires. While trying to acquire a needed new resource, we failed to succeed more than the maximum number of allowed acquisition attempts (30). Last acquisition attempt exception: 
	java.sql.SQLSyntaxErrorException: Unknown database 'productDB'
		at com.mysql.cj.jdbc.exceptions.SQLError.createSQLException(SQLError.java:121)
		at com.mysql.cj.jdbc.exceptions.SQLExceptionsMapping.translateException(SQLExceptionsMapping.java:122)
		at com.mysql.cj.jdbc.ConnectionImpl.createNewIO(ConnectionImpl.java:825)
		at com.mysql.cj.jdbc.ConnectionImpl.<init>(ConnectionImpl.java:446)
		at com.mysql.cj.jdbc.ConnectionImpl.getInstance(ConnectionImpl.java:239)
		at com.mysql.cj.jdbc.NonRegisteringDriver.connect(NonRegisteringDriver.java:188)
		at com.mchange.v2.c3p0.DriverManagerDataSource.getConnection(DriverManagerDataSource.java:146)
		at com.mchange.v2.c3p0.WrapperConnectionPoolDataSource.getPooledConnection(WrapperConnectionPoolDataSource.java:195)
		at com.mchange.v2.c3p0.WrapperConnectionPoolDataSource.getPooledConnection(WrapperConnectionPoolDataSource.java:184)
		at com.mchange.v2.c3p0.impl.C3P0PooledConnectionPool$1PooledConnectionResourcePoolManager.acquireResource(C3P0PooledConnectionPool.java:200)
		at com.mchange.v2.resourcepool.BasicResourcePool.doAcquire(BasicResourcePool.java:1086)
		at com.mchange.v2.resourcepool.BasicResourcePool.doAcquireAndDecrementPendingAcquiresWithinLockOnSuccess(BasicResourcePool.java:1073)
		at com.mchange.v2.resourcepool.BasicResourcePool.access$800(BasicResourcePool.java:44)
		at com.mchange.v2.resourcepool.BasicResourcePool$ScatteredAcquireTask.run(BasicResourcePool.java:1810)
		at com.mchange.v2.async.ThreadPoolAsynchronousRunner$PoolThread.run(ThreadPoolAsynchronousRunner.java:648)
18-Jan-2025 03:02:55.201 WARNING [C3P0PooledConnectionPoolManager[identityToken->1bqomwyb8wzze5qc62mh7|7bdf94f2]-HelperThread-#0] com.mchange.v2.resourcepool.BasicResourcePool.forceKillAcquires Having failed to acquire a resource, com.mchange.v2.resourcepool.BasicResourcePool@79e9c14 is interrupting all Threads waiting on a resource to check out. Will try again in response to new client requests.
18-Jan-2025 03:02:55.276 WARNING [C3P0PooledConnectionPoolManager[identityToken->1bqomwyb8wzze5qc62mh7|7bdf94f2]-HelperThread-#1] com.mchange.v2.resourcepool.BasicResourcePool.forceKillAcquires Having failed to acquire a resource, com.mchange.v2.resourcepool.BasicResourcePool@79e9c14 is interrupting all Threads waiting on a resource to check out. Will try again in response to new client requests.
18-Jan-2025 03:02:55.276 WARNING [C3P0PooledConnectionPoolManager[identityToken->1bqomwyb8wzze5qc62mh7|7bdf94f2]-HelperThread-#2] com.mchange.v2.resourcepool.BasicResourcePool.forceKillAcquires Having failed to acquire a resource, com.mchange.v2.resourcepool.BasicResourcePool@79e9c14 is interrupting all Threads waiting on a resource to check out. Will try again in response to new client requests.
18-Jan-2025 03:02:55.282 WARNING [C3P0PooledConnectionPoolManager[identityToken->1bqomwyb8wzze5qc62mh7|7bdf94f2]-HelperThread-#2] com.mchange.v2.resourcepool.BasicResourcePool$ScatteredAcquireTask.run com.mchange.v2.resourcepool.BasicResourcePool$ScatteredAcquireTask@5ab1ae41 -- Acquisition Attempt Failed!!! Clearing pending acquires. While trying to acquire a needed new resource, we failed to succeed more than the maximum number of allowed acquisition attempts (30). Last acquisition attempt exception: 
	java.sql.SQLSyntaxErrorException: Unknown database 'productDB'
		at com.mysql.cj.jdbc.exceptions.SQLError.createSQLException(SQLError.java:121)
		at com.mysql.cj.jdbc.exceptions.SQLExceptionsMapping.translateException(SQLExceptionsMapping.java:122)
		at com.mysql.cj.jdbc.ConnectionImpl.createNewIO(ConnectionImpl.java:825)
		at com.mysql.cj.jdbc.ConnectionImpl.<init>(ConnectionImpl.java:446)
		at com.mysql.cj.jdbc.ConnectionImpl.getInstance(ConnectionImpl.java:239)
		at com.mysql.cj.jdbc.NonRegisteringDriver.connect(NonRegisteringDriver.java:188)
		at com.mchange.v2.c3p0.DriverManagerDataSource.getConnection(DriverManagerDataSource.java:146)
		at com.mchange.v2.c3p0.WrapperConnectionPoolDataSource.getPooledConnection(WrapperConnectionPoolDataSource.java:195)
		at com.mchange.v2.c3p0.WrapperConnectionPoolDataSource.getPooledConnection(WrapperConnectionPoolDataSource.java:184)
		at com.mchange.v2.c3p0.impl.C3P0PooledConnectionPool$1PooledConnectionResourcePoolManager.acquireResource(C3P0PooledConnectionPool.java:200)
		at com.mchange.v2.resourcepool.BasicResourcePool.doAcquire(BasicResourcePool.java:1086)
		at com.mchange.v2.resourcepool.BasicResourcePool.doAcquireAndDecrementPendingAcquiresWithinLockOnSuccess(BasicResourcePool.java:1073)
		at com.mchange.v2.resourcepool.BasicResourcePool.access$800(BasicResourcePool.java:44)
		at com.mchange.v2.resourcepool.BasicResourcePool$ScatteredAcquireTask.run(BasicResourcePool.java:1810)
		at com.mchange.v2.async.ThreadPoolAsynchronousRunner$PoolThread.run(ThreadPoolAsynchronousRunner.java:648)
18-Jan-2025 03:02:55.282 WARNING [C3P0PooledConnectionPoolManager[identityToken->1bqomwyb8wzze5qc62mh7|7bdf94f2]-HelperThread-#1] com.mchange.v2.resourcepool.BasicResourcePool$ScatteredAcquireTask.run com.mchange.v2.resourcepool.BasicResourcePool$ScatteredAcquireTask@8940a7 -- Acquisition Attempt Failed!!! Clearing pending acquires. While trying to acquire a needed new resource, we failed to succeed more than the maximum number of allowed acquisition attempts (30). Last acquisition attempt exception: 
	java.sql.SQLSyntaxErrorException: Unknown database 'productDB'
		at com.mysql.cj.jdbc.exceptions.SQLError.createSQLException(SQLError.java:121)
		at com.mysql.cj.jdbc.exceptions.SQLExceptionsMapping.translateException(SQLExceptionsMapping.java:122)
		at com.mysql.cj.jdbc.ConnectionImpl.createNewIO(ConnectionImpl.java:825)
		at com.mysql.cj.jdbc.ConnectionImpl.<init>(ConnectionImpl.java:446)
		at com.mysql.cj.jdbc.ConnectionImpl.getInstance(ConnectionImpl.java:239)
		at com.mysql.cj.jdbc.NonRegisteringDriver.connect(NonRegisteringDriver.java:188)
		at com.mchange.v2.c3p0.DriverManagerDataSource.getConnection(DriverManagerDataSource.java:146)
		at com.mchange.v2.c3p0.WrapperConnectionPoolDataSource.getPooledConnection(WrapperConnectionPoolDataSource.java:195)
		at com.mchange.v2.c3p0.WrapperConnectionPoolDataSource.getPooledConnection(WrapperConnectionPoolDataSource.java:184)
		at com.mchange.v2.c3p0.impl.C3P0PooledConnectionPool$1PooledConnectionResourcePoolManager.acquireResource(C3P0PooledConnectionPool.java:200)
		at com.mchange.v2.resourcepool.BasicResourcePool.doAcquire(BasicResourcePool.java:1086)
		at com.mchange.v2.resourcepool.BasicResourcePool.doAcquireAndDecrementPendingAcquiresWithinLockOnSuccess(BasicResourcePool.java:1073)
		at com.mchange.v2.resourcepool.BasicResourcePool.access$800(BasicResourcePool.java:44)
		at com.mchange.v2.resourcepool.BasicResourcePool$ScatteredAcquireTask.run(BasicResourcePool.java:1810)
		at com.mchange.v2.async.ThreadPoolAsynchronousRunner$PoolThread.run(ThreadPoolAsynchronousRunner.java:648)
18-Jan-2025 03:02:55.283 WARNING [C3P0PooledConnectionPoolManager[identityToken->1bqomwyb8wzze5qc62mh7|7bdf94f2]-HelperThread-#2] com.mchange.v2.resourcepool.BasicResourcePool.forceKillAcquires Having failed to acquire a resource, com.mchange.v2.resourcepool.BasicResourcePool@79e9c14 is interrupting all Threads waiting on a resource to check out. Will try again in response to new client requests.
18-Jan-2025 03:02:55.285 WARNING [C3P0PooledConnectionPoolManager[identityToken->1bqomwyb8wzze5qc62mh7|7bdf94f2]-HelperThread-#1] com.mchange.v2.resourcepool.BasicResourcePool.forceKillAcquires Having failed to acquire a resource, com.mchange.v2.resourcepool.BasicResourcePool@79e9c14 is interrupting all Threads waiting on a resource to check out. Will try again in response to new client requests.
18-Jan-2025 03:02:55.403 WARN [main] org.hibernate.engine.jdbc.env.internal.JdbcEnvironmentInitiator.initiateService HHH000342: Could not obtain connection to query metadata : Connections could not be acquired from the underlying database!
18-Jan-2025 03:02:55.820 INFO [main] org.hibernate.dialect.Dialect.<init> HHH000400: Using dialect: org.hibernate.dialect.MySQLDialect
18-Jan-2025 03:02:56.034 INFO [main] org.hibernate.engine.jdbc.env.internal.LobCreatorBuilderImpl.makeLobCreatorBuilder HHH000422: Disabling contextual LOB creation as connection was null
18-Jan-2025 03:03:02.167 INFO [main] org.springframework.web.servlet.FrameworkServlet.initServletBean Completed initialization in 40167 ms
18-Jan-2025 03:03:02.190 INFO [main] org.apache.catalina.startup.HostConfig.deployDescriptor Deployment of deployment descriptor [F:\Learning\REPOs\Amazon\AmazonProject\conf\Catalina\localhost\ROOT.xml] has finished in [43,457] ms
18-Jan-2025 03:03:02.199 INFO [main] org.apache.coyote.AbstractProtocol.start Starting ProtocolHandler ["http-nio-8080"]
18-Jan-2025 03:03:02.238 INFO [main] org.apache.catalina.startup.Catalina.start Server startup in [43561] milliseconds
18-Jan-2025 03:04:22.494 INFO [Thread-6] org.apache.coyote.AbstractProtocol.pause Pausing ProtocolHandler ["http-nio-8080"]
18-Jan-2025 03:04:22.997 INFO [Thread-6] org.apache.catalina.core.StandardService.stopInternal Stopping service [Catalina]
18-Jan-2025 03:04:23.147 WARNING [Thread-6] org.apache.catalina.loader.WebappClassLoaderBase.clearReferencesJdbc The web application [ROOT] registered the JDBC driver [com.mysql.cj.jdbc.Driver] but failed to unregister it when the web application was stopped. To prevent a memory leak, the JDBC Driver has been forcibly unregistered.
18-Jan-2025 03:04:23.149 WARNING [Thread-6] org.apache.catalina.loader.WebappClassLoaderBase.clearReferencesThreads The web application [ROOT] appears to have started a thread named [mysql-cj-abandoned-connection-cleanup] but has failed to stop it. This is very likely to create a memory leak. Stack trace of thread:
 java.lang.Object.wait(Native Method)
 java.lang.ref.ReferenceQueue.remove(ReferenceQueue.java:144)
 com.mysql.cj.jdbc.AbandonedConnectionCleanupThread.run(AbandonedConnectionCleanupThread.java:91)
 java.util.concurrent.ThreadPoolExecutor.runWorker(ThreadPoolExecutor.java:1149)
 java.util.concurrent.ThreadPoolExecutor$Worker.run(ThreadPoolExecutor.java:624)
 java.lang.Thread.run(Thread.java:748)
18-Jan-2025 03:04:23.301 INFO [Thread-6] org.apache.coyote.AbstractProtocol.stop Stopping ProtocolHandler ["http-nio-8080"]
18-Jan-2025 03:04:23.331 INFO [Thread-6] org.apache.coyote.AbstractProtocol.destroy Destroying ProtocolHandler ["http-nio-8080"]
